<?xml version="1.0" encoding="UTF-8"?>
<!-- Generated by org.testng.reporters.JUnitReportReporter -->
<testsuite hostname="DESKTOP-KJ8M6F8" failures="0" tests="1" name="ddt.JsonData" time="0.267" errors="0" timestamp="2024-09-09T20:43:52 IST" skipped="0">
  <testcase classname="ddt.JsonData" name="json" time="0.267"/>
  <system-out/>
</testsuite> <!-- ddt.JsonData -->
