<?xml version="1.0" encoding="UTF-8"?>
<!-- Generated by org.testng.reporters.JUnitReportReporter -->
<testsuite hostname="DESKTOP-KJ8M6F8" failures="0" tests="2" name="ddt.MysqlTest" time="0.285" errors="0" timestamp="2024-10-17T20:18:48 IST" skipped="0">
  <testcase classname="ddt.MysqlTest" name="insert" time="0.057"/>
  <system-out/>
  <testcase classname="ddt.MysqlTest" name="create" time="0.228"/>
  <system-out/>
</testsuite> <!-- ddt.MysqlTest -->
