<?xml version="1.0" encoding="UTF-8"?>
<!-- Generated by org.testng.reporters.JUnitReportReporter -->
<testsuite hostname="DESKTOP-KJ8M6F8" failures="0" tests="1" name="org.pack.OlympicsTest" time="32.393" errors="0" timestamp="2024-09-11T17:31:20 IST" skipped="0">
  <testcase classname="org.pack.OlympicsTest" name="Start" time="32.393"/>
  <system-out/>
</testsuite> <!-- org.pack.OlympicsTest -->
