<?xml version="1.0" encoding="UTF-8"?>
<!-- Generated by org.testng.reporters.JUnitReportReporter -->
<testsuite hostname="DESKTOP-KJ8M6F8" failures="0" tests="3" name="ddt.HardAssert" time="0.014" errors="0" timestamp="2024-09-25T15:29:10 IST" skipped="0">
  <testcase classname="ddt.HardAssert" name="m3" time="0.001"/>
  <system-out/>
  <testcase classname="ddt.HardAssert" name="m2" time="0.001"/>
  <system-out/>
  <testcase classname="ddt.HardAssert" name="m1" time="0.012"/>
  <system-out/>
</testsuite> <!-- ddt.HardAssert -->
