<?xml version="1.0" encoding="UTF-8"?>
<!-- Generated by org.testng.reporters.JUnitReportReporter -->
<testsuite hostname="DESKTOP-KJ8M6F8" failures="0" tests="1" name="ddt.organisation.CampaignInformation2Test" time="9.638" errors="0" timestamp="2024-09-10T22:34:25 IST" skipped="0">
  <testcase classname="ddt.organisation.CampaignInformation2Test" name="CampaignInformation2" time="9.638"/>
  <system-out/>
</testsuite> <!-- ddt.organisation.CampaignInformation2Test -->
