<?xml version="1.0" encoding="UTF-8"?>
<!-- Generated by org.testng.reporters.JUnitReportReporter -->
<testsuite hostname="DESKTOP-KJ8M6F8" failures="0" tests="1" name="ddt.organisation.ProductInformationTest" time="30.333" errors="0" timestamp="2024-10-29T17:08:51 IST" skipped="0">
  <testcase classname="ddt.organisation.ProductInformationTest" name="ProductInformation" time="30.333"/>
  <system-out/>
</testsuite> <!-- ddt.organisation.ProductInformationTest -->
