<?xml version="1.0" encoding="UTF-8"?>
<!-- Generated by org.testng.reporters.JUnitReportReporter -->
<testsuite hostname="DESKTOP-KJ8M6F8" failures="0" tests="1" name="org.pack.ExcelPayload" time="0.021" errors="0" timestamp="2024-08-20T08:18:29 IST" skipped="0">
  <testcase classname="org.pack.ExcelPayload" name="excelFile" time="0.021"/>
</testsuite> <!-- org.pack.ExcelPayload -->
