<?xml version="1.0" encoding="UTF-8"?>
<!-- Generated by org.testng.reporters.JUnitReportReporter -->
<testsuite hostname="DESKTOP-KJ8M6F8" failures="0" tests="1" name="ddt.InsertingDataToProperties_File" time="0.041" errors="0" timestamp="2024-09-09T20:35:24 IST" skipped="0">
  <testcase classname="ddt.InsertingDataToProperties_File" name="exCel" time="0.041"/>
  <system-out/>
</testsuite> <!-- ddt.InsertingDataToProperties_File -->
