<?xml version="1.0" encoding="UTF-8"?>
<!-- Generated by org.testng.reporters.JUnitReportReporter -->
<testsuite hostname="DESKTOP-KJ8M6F8" failures="0" tests="92" name="testng.DataProviderEx1" time="0.840" errors="0" timestamp="2024-09-09T20:28:52 IST" skipped="0">
  <testcase classname="testng.DataProviderEx1" name="joel" time="0.006"/>
  <system-out/>
  <testcase classname="testng.DataProviderEx1" name="joel" time="0.008"/>
  <system-out/>
  <testcase classname="testng.DataProviderEx1" name="joel" time="0.005"/>
  <system-out/>
  <testcase classname="testng.DataProviderEx1" name="joel" time="0.004"/>
  <system-out/>
  <testcase classname="testng.DataProviderEx1" name="joel" time="0.005"/>
  <system-out/>
  <testcase classname="testng.DataProviderEx1" name="joel" time="0.005"/>
  <system-out/>
  <testcase classname="testng.DataProviderEx1" name="joel" time="0.007"/>
  <system-out/>
  <testcase classname="testng.DataProviderEx1" name="joel" time="0.005"/>
  <system-out/>
  <testcase classname="testng.DataProviderEx1" name="joel" time="0.005"/>
  <system-out/>
  <testcase classname="testng.DataProviderEx1" name="joel" time="0.008"/>
  <system-out/>
  <testcase classname="testng.DataProviderEx1" name="joel" time="0.004"/>
  <system-out/>
  <testcase classname="testng.DataProviderEx1" name="joel" time="0.011"/>
  <system-out/>
  <testcase classname="testng.DataProviderEx1" name="joel" time="0.007"/>
  <system-out/>
  <testcase classname="testng.DataProviderEx1" name="joel" time="0.011"/>
  <system-out/>
  <testcase classname="testng.DataProviderEx1" name="joel" time="0.005"/>
  <system-out/>
  <testcase classname="testng.DataProviderEx1" name="joel" time="0.005"/>
  <system-out/>
  <testcase classname="testng.DataProviderEx1" name="joel" time="0.006"/>
  <system-out/>
  <testcase classname="testng.DataProviderEx1" name="joel" time="0.005"/>
  <system-out/>
  <testcase classname="testng.DataProviderEx1" name="joel" time="0.017"/>
  <system-out/>
  <testcase classname="testng.DataProviderEx1" name="joel" time="0.005"/>
  <system-out/>
  <testcase classname="testng.DataProviderEx1" name="joel" time="0.006"/>
  <system-out/>
  <testcase classname="testng.DataProviderEx1" name="joel" time="0.006"/>
  <system-out/>
  <testcase classname="testng.DataProviderEx1" name="joel" time="0.006"/>
  <system-out/>
  <testcase classname="testng.DataProviderEx1" name="joel" time="0.005"/>
  <system-out/>
  <testcase classname="testng.DataProviderEx1" name="joel" time="0.004"/>
  <system-out/>
  <testcase classname="testng.DataProviderEx1" name="joel" time="0.005"/>
  <system-out/>
  <testcase classname="testng.DataProviderEx1" name="joel" time="0.007"/>
  <system-out/>
  <testcase classname="testng.DataProviderEx1" name="joel" time="0.005"/>
  <system-out/>
  <testcase classname="testng.DataProviderEx1" name="joel" time="0.007"/>
  <system-out/>
  <testcase classname="testng.DataProviderEx1" name="joel" time="0.007"/>
  <system-out/>
  <testcase classname="testng.DataProviderEx1" name="joel" time="0.005"/>
  <system-out/>
  <testcase classname="testng.DataProviderEx1" name="joel" time="0.309"/>
  <system-out/>
  <testcase classname="testng.DataProviderEx1" name="joel" time="0.004"/>
  <system-out/>
  <testcase classname="testng.DataProviderEx1" name="joel" time="0.007"/>
  <system-out/>
  <testcase classname="testng.DataProviderEx1" name="joel" time="0.006"/>
  <system-out/>
  <testcase classname="testng.DataProviderEx1" name="joel" time="0.006"/>
  <system-out/>
  <testcase classname="testng.DataProviderEx1" name="joel" time="0.005"/>
  <system-out/>
  <testcase classname="testng.DataProviderEx1" name="joel" time="0.005"/>
  <system-out/>
  <testcase classname="testng.DataProviderEx1" name="joel" time="0.006"/>
  <system-out/>
  <testcase classname="testng.DataProviderEx1" name="joel" time="0.008"/>
  <system-out/>
  <testcase classname="testng.DataProviderEx1" name="joel" time="0.003"/>
  <system-out/>
  <testcase classname="testng.DataProviderEx1" name="joel" time="0.004"/>
  <system-out/>
  <testcase classname="testng.DataProviderEx1" name="joel" time="0.008"/>
  <system-out/>
  <testcase classname="testng.DataProviderEx1" name="joel" time="0.005"/>
  <system-out/>
  <testcase classname="testng.DataProviderEx1" name="joel" time="0.004"/>
  <system-out/>
  <testcase classname="testng.DataProviderEx1" name="joel" time="0.006"/>
  <system-out/>
  <testcase classname="testng.DataProviderEx1" name="joel" time="0.008"/>
  <system-out/>
  <testcase classname="testng.DataProviderEx1" name="joel" time="0.003"/>
  <system-out/>
  <testcase classname="testng.DataProviderEx1" name="joel" time="0.005"/>
  <system-out/>
  <testcase classname="testng.DataProviderEx1" name="joel" time="0.005"/>
  <system-out/>
  <testcase classname="testng.DataProviderEx1" name="joel" time="0.005"/>
  <system-out/>
  <testcase classname="testng.DataProviderEx1" name="joel" time="0.004"/>
  <system-out/>
  <testcase classname="testng.DataProviderEx1" name="joel" time="0.005"/>
  <system-out/>
  <testcase classname="testng.DataProviderEx1" name="joel" time="0.006"/>
  <system-out/>
  <testcase classname="testng.DataProviderEx1" name="joel" time="0.005"/>
  <system-out/>
  <testcase classname="testng.DataProviderEx1" name="joel" time="0.004"/>
  <system-out/>
  <testcase classname="testng.DataProviderEx1" name="joel" time="0.005"/>
  <system-out/>
  <testcase classname="testng.DataProviderEx1" name="joel" time="0.005"/>
  <system-out/>
  <testcase classname="testng.DataProviderEx1" name="joel" time="0.006"/>
  <system-out/>
  <testcase classname="testng.DataProviderEx1" name="joel" time="0.008"/>
  <system-out/>
  <testcase classname="testng.DataProviderEx1" name="joel" time="0.006"/>
  <system-out/>
  <testcase classname="testng.DataProviderEx1" name="joel" time="0.005"/>
  <system-out/>
  <testcase classname="testng.DataProviderEx1" name="joel" time="0.005"/>
  <system-out/>
  <testcase classname="testng.DataProviderEx1" name="joel" time="0.004"/>
  <system-out/>
  <testcase classname="testng.DataProviderEx1" name="joel" time="0.005"/>
  <system-out/>
  <testcase classname="testng.DataProviderEx1" name="joel" time="0.005"/>
  <system-out/>
  <testcase classname="testng.DataProviderEx1" name="joel" time="0.008"/>
  <system-out/>
  <testcase classname="testng.DataProviderEx1" name="joel" time="0.007"/>
  <system-out/>
  <testcase classname="testng.DataProviderEx1" name="joel" time="0.008"/>
  <system-out/>
  <testcase classname="testng.DataProviderEx1" name="joel" time="0.009"/>
  <system-out/>
  <testcase classname="testng.DataProviderEx1" name="joel" time="0.005"/>
  <system-out/>
  <testcase classname="testng.DataProviderEx1" name="joel" time="0.005"/>
  <system-out/>
  <testcase classname="testng.DataProviderEx1" name="joel" time="0.004"/>
  <system-out/>
  <testcase classname="testng.DataProviderEx1" name="joel" time="0.006"/>
  <system-out/>
  <testcase classname="testng.DataProviderEx1" name="joel" time="0.004"/>
  <system-out/>
  <testcase classname="testng.DataProviderEx1" name="joel" time="0.005"/>
  <system-out/>
  <testcase classname="testng.DataProviderEx1" name="joel" time="0.006"/>
  <system-out/>
  <testcase classname="testng.DataProviderEx1" name="joel" time="0.004"/>
  <system-out/>
  <testcase classname="testng.DataProviderEx1" name="joel" time="0.007"/>
  <system-out/>
  <testcase classname="testng.DataProviderEx1" name="joel" time="0.005"/>
  <system-out/>
  <testcase classname="testng.DataProviderEx1" name="joel" time="0.007"/>
  <system-out/>
  <testcase classname="testng.DataProviderEx1" name="joel" time="0.005"/>
  <system-out/>
  <testcase classname="testng.DataProviderEx1" name="joel" time="0.005"/>
  <system-out/>
  <testcase classname="testng.DataProviderEx1" name="joel" time="0.007"/>
  <system-out/>
  <testcase classname="testng.DataProviderEx1" name="joel" time="0.006"/>
  <system-out/>
  <testcase classname="testng.DataProviderEx1" name="joel" time="0.005"/>
  <system-out/>
  <testcase classname="testng.DataProviderEx1" name="joel" time="0.009"/>
  <system-out/>
  <testcase classname="testng.DataProviderEx1" name="joel" time="0.005"/>
  <system-out/>
  <testcase classname="testng.DataProviderEx1" name="joel" time="0.005"/>
  <system-out/>
  <testcase classname="testng.DataProviderEx1" name="joel" time="0.007"/>
  <system-out/>
  <testcase classname="testng.DataProviderEx1" name="joel" time="0.005"/>
  <system-out/>
  <testcase classname="testng.DataProviderEx1" name="joel" time="0.004"/>
  <system-out/>
</testsuite> <!-- testng.DataProviderEx1 -->
