<?xml version="1.0" encoding="UTF-8"?>
<!-- Generated by org.testng.reporters.JUnitReportReporter -->
<testsuite hostname="DESKTOP-KJ8M6F8" failures="0" tests="1" name="testng.SikuliTest" time="6.691" errors="0" timestamp="2024-09-23T12:04:38 IST" skipped="0">
  <testcase classname="testng.SikuliTest" name="priya" time="6.691"/>
  <system-out/>
</testsuite> <!-- testng.SikuliTest -->
