<?xml version="1.0" encoding="UTF-8"?>
<!-- Generated by org.testng.reporters.JUnitReportReporter -->
<testsuite hostname="DESKTOP-KJ8M6F8" failures="0" tests="1" name="ddt.organisation.CampaignInformation2" time="50.117" errors="0" timestamp="2024-09-07T16:11:14 IST" skipped="0">
  <testcase classname="ddt.organisation.CampaignInformation2" name="main" time="50.117"/>
</testsuite> <!-- ddt.organisation.CampaignInformation2 -->
