<?xml version="1.0" encoding="UTF-8"?>
<!-- Generated by org.testng.reporters.JUnitReportReporter -->
<testsuite hostname="DESKTOP-KJ8M6F8" failures="0" tests="1" name="ddt.DataBaseTest" time="0.210" errors="0" timestamp="2024-09-11T20:10:52 IST" skipped="0">
  <testcase classname="ddt.DataBaseTest" name="Base" time="0.210"/>
  <system-out/>
</testsuite> <!-- ddt.DataBaseTest -->
