<?xml version="1.0" encoding="UTF-8"?>
<!-- Generated by org.testng.reporters.JUnitReportReporter -->
<testsuite hostname="DESKTOP-KJ8M6F8" failures="0" tests="1" name="org.pack.Olympics" time="43.140" errors="0" timestamp="2024-09-10T21:36:09 IST" skipped="0">
  <testcase classname="org.pack.Olympics" name="Start" time="43.140"/>
  <system-out/>
</testsuite> <!-- org.pack.Olympics -->
