<?xml version="1.0" encoding="UTF-8"?>
<!-- Generated by org.testng.reporters.JUnitReportReporter -->
<testsuite hostname="DESKTOP-KJ8M6F8" failures="0" tests="1" name="ddt.InsertingDataToProperties_FileTest" time="0.033" errors="0" timestamp="2024-09-23T14:25:31 IST" skipped="0">
  <testcase classname="ddt.InsertingDataToProperties_FileTest" name="exCel" time="0.033"/>
  <system-out/>
</testsuite> <!-- ddt.InsertingDataToProperties_FileTest -->
