<?xml version="1.0" encoding="UTF-8"?>
<!-- Generated by org.testng.reporters.JUnitReportReporter -->
<testsuite hostname="DESKTOP-KJ8M6F8" failures="0" tests="1" name="ddt.ExcelData" time="0.731" errors="0" timestamp="2024-09-09T20:29:56 IST" skipped="0">
  <testcase classname="ddt.ExcelData" name="data" time="0.731"/>
  <system-out/>
</testsuite> <!-- ddt.ExcelData -->
