<?xml version="1.0" encoding="UTF-8"?>
<!-- Generated by org.testng.reporters.JUnitReportReporter -->
<testsuite hostname="DESKTOP-KJ8M6F8" failures="0" tests="1" name="ddt.organisation.CampaigInformationTest" time="17.389" errors="0" timestamp="2024-11-20T20:06:19 IST" skipped="0">
  <testcase classname="ddt.organisation.CampaigInformationTest" name="CampaigInformation" time="17.389"/>
  <system-out/>
</testsuite> <!-- ddt.organisation.CampaigInformationTest -->
