<?xml version="1.0" encoding="UTF-8"?>
<!-- Generated by org.testng.reporters.JUnitReportReporter -->
<testsuite hostname="DESKTOP-KJ8M6F8" failures="0" tests="1" name="ddt.DataBase" time="0.211" errors="0" timestamp="2024-09-09T20:33:02 IST" skipped="0">
  <testcase classname="ddt.DataBase" name="Base" time="0.211"/>
  <system-out/>
</testsuite> <!-- ddt.DataBase -->
