<?xml version="1.0" encoding="UTF-8"?>
<!-- Generated by org.testng.reporters.JUnitReportReporter -->
<testsuite hostname="DESKTOP-KJ8M6F8" failures="0" tests="1" name="ddt.FetchingDataFromProperties_File" time="7.385" errors="0" timestamp="2024-09-09T20:43:01 IST" skipped="0">
  <testcase classname="ddt.FetchingDataFromProperties_File" name="Fetch" time="7.385"/>
  <system-out/>
</testsuite> <!-- ddt.FetchingDataFromProperties_File -->
