<?xml version="1.0" encoding="UTF-8"?>
<!-- Generated by org.testng.reporters.JUnitReportReporter -->
<testsuite hostname="DESKTOP-KJ8M6F8" failures="0" tests="1" name="testng.SikuliTest" time="6.915" errors="0" timestamp="2024-09-23T15:18:21 IST" skipped="0">
  <testcase classname="testng.SikuliTest" name="priya" time="6.915"/>
  <system-out/>
</testsuite> <!-- testng.SikuliTest -->
