<?xml version="1.0" encoding="UTF-8"?>
<!-- Generated by org.testng.reporters.JUnitReportReporter -->
<testsuite hostname="DESKTOP-KJ8M6F8" failures="0" tests="1" name="ddt.organisation.CampaigInformationTest" time="37.295" errors="0" timestamp="2024-10-29T16:55:02 IST" skipped="0">
  <testcase classname="ddt.organisation.CampaigInformationTest" name="CampaigInformation" time="37.295"/>
  <system-out/>
</testsuite> <!-- ddt.organisation.CampaigInformationTest -->
