<?xml version="1.0" encoding="UTF-8"?>
<!-- Generated by org.testng.reporters.JUnitReportReporter -->
<testsuite hostname="DESKTOP-KJ8M6F8" failures="0" tests="1" name="ddt.FetchingDataFromProperties_FileTest" time="7.987" errors="0" timestamp="2024-09-23T14:09:28 IST" skipped="0">
  <testcase classname="ddt.FetchingDataFromProperties_FileTest" name="Fetch" time="7.987"/>
  <system-out/>
</testsuite> <!-- ddt.FetchingDataFromProperties_FileTest -->
